2018-11-17 11:45:17 - PHP Notice:  Undefined index: config_name in /home/b/baycik/aruna.market/public_html/install/model/upgrade/1004.php on line 119
2018-11-17 11:45:57 - PHP Warning:  file(/home/b/baycik/aruna.market/public_html/admin/config.php): failed to open stream: No such file or directory in /home/b/baycik/aruna.market/public_html/install/model/upgrade/1009.php on line 94
2018-11-17 11:45:57 - PHP Warning:  Invalid argument supplied for foreach() in /home/b/baycik/aruna.market/public_html/install/model/upgrade/1009.php on line 96
2018-11-17 11:45:57 - PHP Warning:  Invalid argument supplied for foreach() in /home/b/baycik/aruna.market/public_html/install/model/upgrade/1009.php on line 107
2018-11-17 13:09:56 - PHP Warning:  rmdir(/home/b/baycik/aruna.market/storage/cache/so): Directory not empty in /home/b/baycik/aruna.market/public_html/admin/controller/common/developer.php on line 70
2018-11-17 13:40:46 - PHP Warning:  rmdir(/home/b/baycik/aruna.market/storage/cache/so): Directory not empty in /home/b/baycik/aruna.market/public_html/admin/controller/common/developer.php on line 70
2018-11-17 15:08:00 - PHP Warning:  A non-numeric value encountered in /home/b/baycik/aruna.market/public_html/admin/view/template/extension/soconfig/class/scssphp/src/Compiler.php on line 4627
2018-11-17 15:08:03 - PHP Warning:  A non-numeric value encountered in /home/b/baycik/aruna.market/public_html/admin/view/template/extension/soconfig/class/scssphp/src/Compiler.php on line 4627
2018-11-17 15:45:34 - PHP Warning:  count(): Parameter must be an array or an object that implements Countable in /home/b/baycik/aruna.market/public_html/catalog/model/extension/module/so_filter_shop_by.php on line 110
2018-11-17 18:32:47 - PHP Warning:  A non-numeric value encountered in /home/b/baycik/aruna.market/public_html/admin/view/template/extension/soconfig/class/scssphp/src/Compiler.php on line 4627
2018-11-17 18:32:50 - PHP Warning:  A non-numeric value encountered in /home/b/baycik/aruna.market/public_html/admin/view/template/extension/soconfig/class/scssphp/src/Compiler.php on line 4627
2018-11-17 18:47:07 - PHP Warning:  fsockopen(): unable to connect to smtp.beget.com:25 (Connection timed out) in /home/b/baycik/aruna.market/public_html/system/library/mail/smtp.php on line 87
2018-11-17 19:48:24 - PHP Warning:  count(): Parameter must be an array or an object that implements Countable in /home/b/baycik/aruna.market/public_html/catalog/controller/extension/module/so_latest_blog.php on line 196
2018-11-17 19:48:36 - PHP Warning:  count(): Parameter must be an array or an object that implements Countable in /home/b/baycik/aruna.market/public_html/catalog/controller/extension/module/so_latest_blog.php on line 196
2018-11-17 19:49:22 - PHP Warning:  count(): Parameter must be an array or an object that implements Countable in /home/b/baycik/aruna.market/public_html/catalog/controller/extension/module/so_latest_blog.php on line 196
2018-11-18 3:31:51 - PHP Warning:  count(): Parameter must be an array or an object that implements Countable in /home/b/baycik/aruna.market/public_html/catalog/controller/extension/module/so_latest_blog.php on line 196
2018-11-18 3:33:44 - PHP Warning:  count(): Parameter must be an array or an object that implements Countable in /home/b/baycik/aruna.market/public_html/catalog/controller/extension/module/so_latest_blog.php on line 196
2018-11-18 3:35:20 - PHP Warning:  count(): Parameter must be an array or an object that implements Countable in /home/b/baycik/aruna.market/public_html/catalog/controller/extension/module/so_latest_blog.php on line 196
2018-11-18 3:35:53 - PHP Warning:  count(): Parameter must be an array or an object that implements Countable in /home/b/baycik/aruna.market/public_html/catalog/controller/extension/module/so_latest_blog.php on line 196
2018-11-18 3:35:54 - PHP Warning:  count(): Parameter must be an array or an object that implements Countable in /home/b/baycik/aruna.market/public_html/catalog/controller/extension/module/so_latest_blog.php on line 196
2018-11-18 3:35:54 - PHP Warning:  count(): Parameter must be an array or an object that implements Countable in /home/b/baycik/aruna.market/public_html/catalog/controller/extension/module/so_latest_blog.php on line 196
2018-11-18 3:35:54 - PHP Warning:  count(): Parameter must be an array or an object that implements Countable in /home/b/baycik/aruna.market/public_html/catalog/controller/extension/module/so_latest_blog.php on line 196
2018-11-18 3:35:54 - PHP Warning:  count(): Parameter must be an array or an object that implements Countable in /home/b/baycik/aruna.market/public_html/catalog/controller/extension/module/so_latest_blog.php on line 196
2018-11-18 3:35:59 - PHP Warning:  count(): Parameter must be an array or an object that implements Countable in /home/b/baycik/aruna.market/public_html/catalog/controller/extension/module/so_latest_blog.php on line 196
2018-11-18 3:35:59 - PHP Warning:  count(): Parameter must be an array or an object that implements Countable in /home/b/baycik/aruna.market/public_html/catalog/controller/extension/module/so_latest_blog.php on line 196
2018-11-18 3:36:00 - PHP Warning:  count(): Parameter must be an array or an object that implements Countable in /home/b/baycik/aruna.market/public_html/catalog/controller/extension/module/so_latest_blog.php on line 196
2018-11-18 3:36:01 - PHP Warning:  count(): Parameter must be an array or an object that implements Countable in /home/b/baycik/aruna.market/public_html/catalog/controller/extension/module/so_latest_blog.php on line 196
2018-11-18 3:36:02 - PHP Warning:  count(): Parameter must be an array or an object that implements Countable in /home/b/baycik/aruna.market/public_html/catalog/controller/extension/module/so_latest_blog.php on line 196
2018-11-18 3:59:22 - PHP Warning:  count(): Parameter must be an array or an object that implements Countable in /home/b/baycik/aruna.market/public_html/catalog/controller/extension/module/so_latest_blog.php on line 196
2018-11-18 4:36:14 - PHP Warning:  count(): Parameter must be an array or an object that implements Countable in /home/b/baycik/aruna.market/public_html/catalog/controller/extension/module/so_latest_blog.php on line 196
2018-11-18 4:36:15 - PHP Warning:  count(): Parameter must be an array or an object that implements Countable in /home/b/baycik/aruna.market/public_html/catalog/controller/extension/module/so_latest_blog.php on line 196
2018-11-18 10:51:07 - PHP Warning:  count(): Parameter must be an array or an object that implements Countable in /home/b/baycik/aruna.market/public_html/catalog/controller/extension/module/so_latest_blog.php on line 196
2018-11-18 13:43:15 - PHP Warning:  count(): Parameter must be an array or an object that implements Countable in /home/b/baycik/aruna.market/public_html/catalog/controller/extension/module/so_latest_blog.php on line 196
2018-11-18 15:34:12 - PHP Warning:  count(): Parameter must be an array or an object that implements Countable in /home/b/baycik/aruna.market/public_html/catalog/controller/extension/module/so_latest_blog.php on line 196
2018-11-18 21:05:45 - PHP Warning:  count(): Parameter must be an array or an object that implements Countable in /home/b/baycik/aruna.market/public_html/catalog/controller/extension/module/so_latest_blog.php on line 196
2018-11-18 21:34:18 - PHP Warning:  count(): Parameter must be an array or an object that implements Countable in /home/b/baycik/aruna.market/public_html/catalog/controller/extension/module/so_latest_blog.php on line 196
2018-11-18 21:35:28 - PHP Warning:  count(): Parameter must be an array or an object that implements Countable in /home/b/baycik/aruna.market/public_html/catalog/controller/extension/module/so_latest_blog.php on line 196
2018-11-18 22:04:22 - PHP Warning:  count(): Parameter must be an array or an object that implements Countable in /home/b/baycik/aruna.market/public_html/catalog/controller/extension/module/so_latest_blog.php on line 196
2018-11-18 22:31:29 - PHP Warning:  count(): Parameter must be an array or an object that implements Countable in /home/b/baycik/aruna.market/public_html/catalog/controller/extension/module/so_latest_blog.php on line 196
2018-11-18 22:44:13 - PHP Warning:  count(): Parameter must be an array or an object that implements Countable in /home/b/baycik/aruna.market/public_html/catalog/controller/extension/module/so_latest_blog.php on line 196
2018-11-18 23:00:16 - PHP Warning:  count(): Parameter must be an array or an object that implements Countable in /home/b/baycik/aruna.market/public_html/catalog/controller/extension/module/so_latest_blog.php on line 196
2018-11-18 23:07:21 - PHP Warning:  count(): Parameter must be an array or an object that implements Countable in /home/b/baycik/aruna.market/public_html/catalog/controller/extension/module/so_latest_blog.php on line 196
2018-11-18 23:14:51 - PHP Warning:  count(): Parameter must be an array or an object that implements Countable in /home/b/baycik/aruna.market/public_html/catalog/controller/extension/module/so_latest_blog.php on line 196
2018-11-18 23:30:15 - PHP Warning:  count(): Parameter must be an array or an object that implements Countable in /home/b/baycik/aruna.market/public_html/catalog/controller/extension/module/so_latest_blog.php on line 196
2018-11-18 23:35:57 - PHP Warning:  count(): Parameter must be an array or an object that implements Countable in /home/b/baycik/aruna.market/public_html/catalog/controller/extension/module/so_latest_blog.php on line 196
2018-11-18 23:59:32 - PHP Warning:  count(): Parameter must be an array or an object that implements Countable in /home/b/baycik/aruna.market/public_html/catalog/controller/extension/module/so_latest_blog.php on line 196
2018-11-19 0:28:34 - PHP Warning:  count(): Parameter must be an array or an object that implements Countable in /home/b/baycik/aruna.market/public_html/catalog/controller/extension/module/so_latest_blog.php on line 196
2018-11-19 0:43:03 - PHP Warning:  count(): Parameter must be an array or an object that implements Countable in /home/b/baycik/aruna.market/public_html/catalog/controller/extension/module/so_latest_blog.php on line 196
2018-11-19 0:46:03 - PHP Warning:  count(): Parameter must be an array or an object that implements Countable in /home/b/baycik/aruna.market/public_html/catalog/controller/extension/module/so_latest_blog.php on line 196
2018-11-19 0:57:37 - PHP Warning:  count(): Parameter must be an array or an object that implements Countable in /home/b/baycik/aruna.market/public_html/catalog/controller/extension/module/so_latest_blog.php on line 196
2018-11-19 1:20:33 - PHP Warning:  count(): Parameter must be an array or an object that implements Countable in /home/b/baycik/aruna.market/public_html/catalog/controller/extension/module/so_latest_blog.php on line 196
2018-11-19 1:27:10 - PHP Warning:  count(): Parameter must be an array or an object that implements Countable in /home/b/baycik/aruna.market/public_html/catalog/controller/extension/module/so_latest_blog.php on line 196
2018-11-19 1:48:58 - PHP Warning:  count(): Parameter must be an array or an object that implements Countable in /home/b/baycik/aruna.market/public_html/catalog/controller/extension/module/so_latest_blog.php on line 196
2018-11-19 1:57:44 - PHP Warning:  count(): Parameter must be an array or an object that implements Countable in /home/b/baycik/aruna.market/public_html/catalog/controller/extension/module/so_latest_blog.php on line 196
2018-11-19 2:27:28 - PHP Warning:  count(): Parameter must be an array or an object that implements Countable in /home/b/baycik/aruna.market/public_html/catalog/controller/extension/module/so_latest_blog.php on line 196
2018-11-19 2:44:39 - PHP Warning:  count(): Parameter must be an array or an object that implements Countable in /home/b/baycik/aruna.market/public_html/catalog/controller/extension/module/so_latest_blog.php on line 196
2018-11-19 2:55:10 - PHP Warning:  count(): Parameter must be an array or an object that implements Countable in /home/b/baycik/aruna.market/public_html/catalog/controller/extension/module/so_latest_blog.php on line 196
2018-11-19 2:57:01 - PHP Warning:  count(): Parameter must be an array or an object that implements Countable in /home/b/baycik/aruna.market/public_html/catalog/controller/extension/module/so_latest_blog.php on line 196
2018-11-19 2:58:12 - PHP Warning:  count(): Parameter must be an array or an object that implements Countable in /home/b/baycik/aruna.market/public_html/catalog/controller/extension/module/so_latest_blog.php on line 196
2018-11-19 2:58:17 - PHP Warning:  count(): Parameter must be an array or an object that implements Countable in /home/b/baycik/aruna.market/public_html/catalog/controller/extension/module/so_latest_blog.php on line 196
2018-11-19 3:22:58 - PHP Warning:  count(): Parameter must be an array or an object that implements Countable in /home/b/baycik/aruna.market/public_html/catalog/controller/extension/module/so_latest_blog.php on line 196
2018-11-19 3:26:06 - PHP Warning:  count(): Parameter must be an array or an object that implements Countable in /home/b/baycik/aruna.market/public_html/catalog/controller/extension/module/so_latest_blog.php on line 196
2018-11-19 3:39:00 - PHP Warning:  count(): Parameter must be an array or an object that implements Countable in /home/b/baycik/aruna.market/public_html/catalog/controller/extension/module/so_latest_blog.php on line 196
2018-11-19 3:53:58 - PHP Warning:  count(): Parameter must be an array or an object that implements Countable in /home/b/baycik/aruna.market/public_html/catalog/controller/extension/module/so_latest_blog.php on line 196
2018-11-19 3:54:41 - PHP Warning:  count(): Parameter must be an array or an object that implements Countable in /home/b/baycik/aruna.market/public_html/catalog/controller/extension/module/so_latest_blog.php on line 196
2018-11-19 3:57:10 - PHP Warning:  count(): Parameter must be an array or an object that implements Countable in /home/b/baycik/aruna.market/public_html/catalog/controller/extension/module/so_latest_blog.php on line 196
2018-11-19 4:24:33 - PHP Warning:  count(): Parameter must be an array or an object that implements Countable in /home/b/baycik/aruna.market/public_html/catalog/controller/extension/module/so_latest_blog.php on line 196
2018-11-19 4:38:34 - PHP Warning:  count(): Parameter must be an array or an object that implements Countable in /home/b/baycik/aruna.market/public_html/catalog/controller/extension/module/so_latest_blog.php on line 196
2018-11-19 4:39:09 - PHP Warning:  count(): Parameter must be an array or an object that implements Countable in /home/b/baycik/aruna.market/public_html/catalog/controller/extension/module/so_latest_blog.php on line 196
2018-11-19 4:48:32 - PHP Warning:  count(): Parameter must be an array or an object that implements Countable in /home/b/baycik/aruna.market/public_html/catalog/controller/extension/module/so_latest_blog.php on line 196
2018-11-19 4:50:49 - PHP Warning:  count(): Parameter must be an array or an object that implements Countable in /home/b/baycik/aruna.market/public_html/catalog/controller/extension/module/so_latest_blog.php on line 196
2018-11-19 4:54:15 - PHP Warning:  count(): Parameter must be an array or an object that implements Countable in /home/b/baycik/aruna.market/public_html/catalog/controller/extension/module/so_latest_blog.php on line 196
2018-11-19 4:58:02 - PHP Warning:  count(): Parameter must be an array or an object that implements Countable in /home/b/baycik/aruna.market/public_html/catalog/controller/extension/module/so_latest_blog.php on line 196
2018-11-19 5:19:18 - PHP Warning:  count(): Parameter must be an array or an object that implements Countable in /home/b/baycik/aruna.market/public_html/catalog/controller/extension/module/so_latest_blog.php on line 196
2018-11-19 5:19:30 - PHP Warning:  count(): Parameter must be an array or an object that implements Countable in /home/b/baycik/aruna.market/public_html/catalog/controller/extension/module/so_latest_blog.php on line 196
2018-11-19 5:19:54 - PHP Warning:  count(): Parameter must be an array or an object that implements Countable in /home/b/baycik/aruna.market/public_html/catalog/controller/extension/module/so_latest_blog.php on line 196
2018-11-19 5:19:54 - PHP Warning:  count(): Parameter must be an array or an object that implements Countable in /home/b/baycik/aruna.market/public_html/catalog/controller/extension/module/so_latest_blog.php on line 196
2018-11-19 5:23:37 - PHP Warning:  count(): Parameter must be an array or an object that implements Countable in /home/b/baycik/aruna.market/public_html/catalog/controller/extension/module/so_latest_blog.php on line 196
2018-11-19 5:24:20 - PHP Warning:  count(): Parameter must be an array or an object that implements Countable in /home/b/baycik/aruna.market/public_html/catalog/controller/extension/module/so_latest_blog.php on line 196
2018-11-19 5:30:00 - PHP Warning:  count(): Parameter must be an array or an object that implements Countable in /home/b/baycik/aruna.market/public_html/catalog/controller/extension/module/so_latest_blog.php on line 196
2018-11-19 5:52:52 - PHP Warning:  count(): Parameter must be an array or an object that implements Countable in /home/b/baycik/aruna.market/public_html/catalog/controller/extension/module/so_latest_blog.php on line 196
2018-11-19 6:22:39 - PHP Warning:  count(): Parameter must be an array or an object that implements Countable in /home/b/baycik/aruna.market/public_html/catalog/controller/extension/module/so_latest_blog.php on line 196
2018-11-19 6:49:14 - PHP Warning:  count(): Parameter must be an array or an object that implements Countable in /home/b/baycik/aruna.market/public_html/catalog/controller/extension/module/so_latest_blog.php on line 196
2018-11-19 6:51:33 - PHP Warning:  count(): Parameter must be an array or an object that implements Countable in /home/b/baycik/aruna.market/public_html/catalog/controller/extension/module/so_latest_blog.php on line 196
2018-11-19 6:58:05 - PHP Warning:  count(): Parameter must be an array or an object that implements Countable in /home/b/baycik/aruna.market/public_html/catalog/controller/extension/module/so_latest_blog.php on line 196
2018-11-19 7:22:38 - PHP Warning:  count(): Parameter must be an array or an object that implements Countable in /home/b/baycik/aruna.market/public_html/catalog/controller/extension/module/so_latest_blog.php on line 196
2018-11-19 7:29:04 - PHP Warning:  count(): Parameter must be an array or an object that implements Countable in /home/b/baycik/aruna.market/public_html/catalog/controller/extension/module/so_latest_blog.php on line 196
2018-11-19 7:36:31 - PHP Warning:  count(): Parameter must be an array or an object that implements Countable in /home/b/baycik/aruna.market/public_html/catalog/controller/extension/module/so_latest_blog.php on line 196
2018-11-19 7:51:25 - PHP Warning:  count(): Parameter must be an array or an object that implements Countable in /home/b/baycik/aruna.market/public_html/catalog/controller/extension/module/so_latest_blog.php on line 196
2018-11-19 8:08:13 - PHP Warning:  count(): Parameter must be an array or an object that implements Countable in /home/b/baycik/aruna.market/public_html/catalog/controller/extension/module/so_latest_blog.php on line 196
2018-11-19 8:08:23 - PHP Warning:  count(): Parameter must be an array or an object that implements Countable in /home/b/baycik/aruna.market/public_html/catalog/controller/extension/module/so_latest_blog.php on line 196
2018-11-19 8:20:52 - PHP Warning:  count(): Parameter must be an array or an object that implements Countable in /home/b/baycik/aruna.market/public_html/catalog/controller/extension/module/so_latest_blog.php on line 196
2018-11-19 8:50:37 - PHP Warning:  count(): Parameter must be an array or an object that implements Countable in /home/b/baycik/aruna.market/public_html/catalog/controller/extension/module/so_latest_blog.php on line 196
2018-11-19 8:51:46 - PHP Warning:  count(): Parameter must be an array or an object that implements Countable in /home/b/baycik/aruna.market/public_html/catalog/controller/extension/module/so_latest_blog.php on line 196
2018-11-19 9:10:58 - PHP Warning:  count(): Parameter must be an array or an object that implements Countable in /home/b/baycik/aruna.market/public_html/catalog/controller/extension/module/so_latest_blog.php on line 196
2018-11-19 9:12:21 - PHP Warning:  count(): Parameter must be an array or an object that implements Countable in /home/b/baycik/aruna.market/public_html/catalog/controller/extension/module/so_latest_blog.php on line 196
2018-11-19 9:13:34 - PHP Warning:  count(): Parameter must be an array or an object that implements Countable in /home/b/baycik/aruna.market/public_html/catalog/controller/extension/module/so_latest_blog.php on line 196
2018-11-19 9:15:57 - PHP Warning:  count(): Parameter must be an array or an object that implements Countable in /home/b/baycik/aruna.market/public_html/catalog/controller/extension/module/so_latest_blog.php on line 196
2018-11-19 9:20:30 - PHP Warning:  count(): Parameter must be an array or an object that implements Countable in /home/b/baycik/aruna.market/public_html/catalog/controller/extension/module/so_latest_blog.php on line 196
2018-11-19 9:30:33 - PHP Warning:  count(): Parameter must be an array or an object that implements Countable in /home/b/baycik/aruna.market/public_html/catalog/controller/extension/module/so_latest_blog.php on line 196
2018-11-19 9:37:31 - PHP Warning:  count(): Parameter must be an array or an object that implements Countable in /home/b/baycik/aruna.market/public_html/catalog/controller/extension/module/so_latest_blog.php on line 196
2018-11-19 9:53:39 - PHP Warning:  count(): Parameter must be an array or an object that implements Countable in /home/b/baycik/aruna.market/public_html/catalog/controller/extension/module/so_latest_blog.php on line 196
2018-11-19 10:03:11 - PHP Warning:  count(): Parameter must be an array or an object that implements Countable in /home/b/baycik/aruna.market/public_html/catalog/controller/extension/module/so_latest_blog.php on line 196
2018-11-19 10:08:19 - PHP Warning:  count(): Parameter must be an array or an object that implements Countable in /home/b/baycik/aruna.market/public_html/catalog/controller/extension/module/so_latest_blog.php on line 196
2018-11-19 10:08:19 - PHP Warning:  count(): Parameter must be an array or an object that implements Countable in /home/b/baycik/aruna.market/public_html/catalog/controller/extension/module/so_latest_blog.php on line 196
2018-11-19 10:08:42 - PHP Warning:  count(): Parameter must be an array or an object that implements Countable in /home/b/baycik/aruna.market/public_html/catalog/controller/extension/module/so_latest_blog.php on line 196
2018-11-19 10:08:50 - PHP Warning:  count(): Parameter must be an array or an object that implements Countable in /home/b/baycik/aruna.market/public_html/catalog/controller/extension/module/so_latest_blog.php on line 196
2018-11-19 10:09:38 - PHP Warning:  count(): Parameter must be an array or an object that implements Countable in /home/b/baycik/aruna.market/public_html/catalog/controller/extension/module/so_latest_blog.php on line 196
2018-11-19 10:11:11 - PHP Warning:  count(): Parameter must be an array or an object that implements Countable in /home/b/baycik/aruna.market/public_html/catalog/controller/extension/module/so_latest_blog.php on line 196
2018-11-19 10:21:37 - PHP Warning:  count(): Parameter must be an array or an object that implements Countable in /home/b/baycik/aruna.market/public_html/catalog/controller/extension/module/so_latest_blog.php on line 196
2018-11-19 10:32:55 - PHP Warning:  count(): Parameter must be an array or an object that implements Countable in /home/b/baycik/aruna.market/public_html/catalog/controller/extension/module/so_latest_blog.php on line 196
2018-11-19 10:38:08 - PHP Warning:  count(): Parameter must be an array or an object that implements Countable in /home/b/baycik/aruna.market/public_html/catalog/controller/extension/module/so_latest_blog.php on line 196
2018-11-19 10:42:43 - PHP Warning:  count(): Parameter must be an array or an object that implements Countable in /home/b/baycik/aruna.market/public_html/catalog/controller/extension/module/so_latest_blog.php on line 196
2018-11-19 10:58:32 - PHP Warning:  count(): Parameter must be an array or an object that implements Countable in /home/b/baycik/aruna.market/public_html/catalog/controller/extension/module/so_latest_blog.php on line 196
2018-11-19 11:04:48 - PHP Warning:  count(): Parameter must be an array or an object that implements Countable in /home/b/baycik/aruna.market/public_html/catalog/controller/extension/module/so_latest_blog.php on line 196
2018-11-19 11:25:22 - PHP Warning:  count(): Parameter must be an array or an object that implements Countable in /home/b/baycik/aruna.market/public_html/catalog/controller/extension/module/so_latest_blog.php on line 196
2018-11-19 11:38:35 - PHP Warning:  count(): Parameter must be an array or an object that implements Countable in /home/b/baycik/aruna.market/public_html/catalog/controller/extension/module/so_latest_blog.php on line 196
2018-11-19 12:09:03 - PHP Warning:  count(): Parameter must be an array or an object that implements Countable in /home/b/baycik/aruna.market/public_html/catalog/controller/extension/module/so_latest_blog.php on line 196
2018-11-19 12:15:38 - PHP Warning:  count(): Parameter must be an array or an object that implements Countable in /home/b/baycik/aruna.market/public_html/catalog/controller/extension/module/so_latest_blog.php on line 196
2018-11-19 12:29:48 - PHP Warning:  count(): Parameter must be an array or an object that implements Countable in /home/b/baycik/aruna.market/public_html/catalog/controller/extension/module/so_latest_blog.php on line 196
2018-11-19 12:39:35 - PHP Warning:  count(): Parameter must be an array or an object that implements Countable in /home/b/baycik/aruna.market/public_html/catalog/controller/extension/module/so_latest_blog.php on line 196
2018-11-19 12:42:23 - PHP Warning:  count(): Parameter must be an array or an object that implements Countable in /home/b/baycik/aruna.market/public_html/catalog/controller/extension/module/so_latest_blog.php on line 196
2018-11-19 12:45:44 - PHP Warning:  count(): Parameter must be an array or an object that implements Countable in /home/b/baycik/aruna.market/public_html/catalog/controller/extension/module/so_latest_blog.php on line 196
2018-11-19 12:51:44 - PHP Warning:  count(): Parameter must be an array or an object that implements Countable in /home/b/baycik/aruna.market/public_html/catalog/controller/extension/module/so_latest_blog.php on line 196
2018-11-19 13:09:22 - PHP Warning:  count(): Parameter must be an array or an object that implements Countable in /home/b/baycik/aruna.market/public_html/catalog/controller/extension/module/so_latest_blog.php on line 196
2018-11-19 13:11:46 - PHP Warning:  count(): Parameter must be an array or an object that implements Countable in /home/b/baycik/aruna.market/public_html/catalog/controller/extension/module/so_latest_blog.php on line 196
2018-11-19 13:13:17 - PHP Warning:  count(): Parameter must be an array or an object that implements Countable in /home/b/baycik/aruna.market/public_html/catalog/controller/extension/module/so_latest_blog.php on line 196
2018-11-19 13:13:18 - PHP Warning:  count(): Parameter must be an array or an object that implements Countable in /home/b/baycik/aruna.market/public_html/catalog/controller/extension/module/so_latest_blog.php on line 196
2018-11-19 13:17:14 - PHP Warning:  count(): Parameter must be an array or an object that implements Countable in /home/b/baycik/aruna.market/public_html/catalog/controller/extension/module/so_latest_blog.php on line 196
2018-11-19 13:22:46 - PHP Warning:  mysqli::__construct(): (HY000/1045): Access denied for user 'baycik_aruna'@'localhost' (using password: YES) in D:\iSell\www\aruna.market\public_html\system\library\db\mysqli.php on line 7
2018-11-19 13:22:46 - PHP Warning:  DB\MySQLi::__construct(): Couldn't fetch mysqli in D:\iSell\www\aruna.market\public_html\system\library\db\mysqli.php on line 10
2018-11-19 13:22:46 - PHP Warning:  DB\MySQLi::__construct(): Couldn't fetch mysqli in D:\iSell\www\aruna.market\public_html\system\library\db\mysqli.php on line 10
2018-11-19 13:54:56 - PHP Warning:  rmdir(D:\iSell\www\aruna.market/storage/cache/so): Directory not empty in D:\iSell\www\aruna.market\public_html\admin\controller\common\developer.php on line 70
2018-11-19 18:36:32 - PHP Warning:  mysqli::__construct(): (HY000/1049): Unknown database 'baycik_aruna' in E:\iSellServer\www\aruna.market\public_html\system\library\db\mysqli.php on line 7
2018-11-19 18:36:32 - PHP Warning:  DB\MySQLi::__construct(): Couldn't fetch mysqli in E:\iSellServer\www\aruna.market\public_html\system\library\db\mysqli.php on line 10
2018-11-19 18:36:32 - PHP Warning:  DB\MySQLi::__construct(): Couldn't fetch mysqli in E:\iSellServer\www\aruna.market\public_html\system\library\db\mysqli.php on line 10
2018-11-19 18:44:54 - PHP Warning:  Invalid argument supplied for foreach() in E:\iSellServer\www\aruna.market\storage\modification\system\engine\loader.php on line 83
